{
  "RSpec": {
    "coverage": {
      "/Users/Macaimee/projects/Jax-API/feed_engine/config/environment.rb": [
        null,
        1,
        null,
        null,
        1
      ],
      "/Users/Macaimee/projects/Jax-API/feed_engine/config/application.rb": [
        1,
        null,
        1,
        null,
        1,
        null,
        1,
        null,
        null,
        null,
        null,
        1,
        1,
        null,
        null,
        null,
        null,
        null,
        null,
        null,
        null,
        null,
        null,
        null,
        null,
        null,
        null,
        null,
        null,
        null,
        null,
        null,
        null,
        null,
        null,
        null,
        1,
        null,
        null,
        1,
        null,
        null,
        1,
        null,
        null,
        null,
        null,
        1,
        null,
        null,
        null,
        null,
        null,
        1,
        null,
        null,
        1,
        1,
        null,
        null,
        1,
        null,
        null
      ],
      "/Users/Macaimee/projects/Jax-API/feed_engine/config/boot.rb": [
        1,
        null,
        null,
        1,
        null,
        1
      ],
      "/Users/Macaimee/projects/Jax-API/feed_engine/config/environments/test.rb": [
        1,
        null,
        null,
        1,
        null,
        null,
        null,
        null,
        null,
        1,
        null,
        null,
        1,
        1,
        null,
        null,
        1,
        null,
        null,
        1,
        1,
        null,
        null,
        1,
        null,
        null,
        1,
        null,
        null,
        null,
        null,
        1,
        null,
        null,
        1,
        null,
        null,
        1,
        null,
        1,
        null,
        null
      ],
      "/Users/Macaimee/projects/Jax-API/feed_engine/config/initializers/backtrace_silencers.rb": [
        null,
        null,
        null,
        null,
        null,
        null,
        null
      ],
      "/Users/Macaimee/projects/Jax-API/feed_engine/config/initializers/inflections.rb": [
        null,
        null,
        null,
        null,
        null,
        null,
        null,
        null,
        null,
        null,
        null,
        null,
        null,
        null,
        null
      ],
      "/Users/Macaimee/projects/Jax-API/feed_engine/config/initializers/mime_types.rb": [
        null,
        null,
        null,
        null,
        null
      ],
      "/Users/Macaimee/projects/Jax-API/feed_engine/config/initializers/omniauth.rb": [
        1,
        null,
        1,
        1,
        1,
        1,
        null
      ],
      "/Users/Macaimee/projects/Jax-API/feed_engine/config/initializers/paperclip.rb": [

      ],
      "/Users/Macaimee/projects/Jax-API/feed_engine/config/initializers/redis.rb": [
        null,
        null,
        null,
        null,
        1,
        null,
        1,
        1,
        null,
        1
      ],
      "/Users/Macaimee/projects/Jax-API/feed_engine/config/initializers/secret_token.rb": [
        null,
        null,
        null,
        null,
        null,
        null,
        1
      ],
      "/Users/Macaimee/projects/Jax-API/feed_engine/config/initializers/session_store.rb": [
        null,
        null,
        null,
        null,
        null,
        null,
        null,
        null,
        null,
        null
      ],
      "/Users/Macaimee/projects/Jax-API/feed_engine/config/initializers/simple_form.rb": [
        null,
        1,
        null,
        null,
        null,
        null,
        null,
        1,
        null,
        null,
        null,
        null,
        null,
        null,
        null,
        null,
        null,
        1,
        null,
        null,
        null,
        1,
        null,
        null,
        null,
        null,
        null,
        null,
        null,
        null,
        1,
        null,
        null,
        1,
        null,
        null,
        1,
        null,
        null,
        1,
        null,
        null,
        1,
        1,
        1,
        null,
        null,
        null,
        1,
        null,
        null,
        null,
        null,
        null,
        1,
        null,
        null,
        1,
        null,
        null,
        null,
        null,
        null,
        null,
        null,
        1,
        null,
        null,
        1,
        null,
        null,
        null,
        null,
        null,
        null,
        null,
        null,
        null,
        null,
        null,
        null,
        null,
        null,
        null,
        null,
        null,
        null,
        null,
        null,
        null,
        null,
        null,
        null,
        null,
        null,
        null,
        null,
        1,
        null,
        null,
        null,
        null,
        null,
        null,
        null,
        null,
        null,
        null,
        null,
        null,
        1,
        null,
        null,
        null,
        null,
        null,
        null,
        null,
        null,
        null,
        null,
        null,
        null,
        null,
        null,
        null,
        null,
        null,
        null,
        null,
        null,
        null,
        null,
        null,
        null,
        null,
        null,
        null,
        null,
        null,
        null,
        null
      ],
      "/Users/Macaimee/projects/Jax-API/feed_engine/config/initializers/twitter.rb": [
        1,
        1,
        1,
        null
      ],
      "/Users/Macaimee/projects/Jax-API/feed_engine/config/initializers/wrap_parameters.rb": [
        null,
        null,
        null,
        null,
        null,
        null,
        1,
        1,
        null,
        null,
        null,
        1,
        1,
        null
      ],
      "/Users/Macaimee/projects/Jax-API/feed_engine/app/controllers/application_controller.rb": [
        1,
        1,
        null,
        1,
        null,
        1,
        0,
        null,
        null,
        1,
        129,
        null,
        1,
        null
      ],
      "/Users/Macaimee/projects/Jax-API/feed_engine/app/helpers/application_helper.rb": [
        1,
        null
      ],
      "/Users/Macaimee/projects/Jax-API/feed_engine/app/controllers/authorizations_controller.rb": [
        1,
        null,
        1,
        0,
        0,
        0,
        0,
        null,
        0,
        0,
        0,
        0,
        0,
        null,
        0,
        null,
        null,
        null,
        null,
        null,
        null,
        null,
        null,
        null,
        null,
        null,
        null,
        null,
        null,
        null,
        null,
        null,
        null,
        null
      ],
      "/Users/Macaimee/projects/Jax-API/feed_engine/app/models/authorization.rb": [
        1,
        1,
        1,
        null,
        1,
        12,
        12,
        12,
        12,
        null,
        null,
        null
      ],
      "/Users/Macaimee/projects/Jax-API/feed_engine/app/controllers/feed_items_controller.rb": [
        1,
        null,
        1,
        0,
        0,
        0,
        null,
        0,
        null,
        null,
        null
      ],
      "/Users/Macaimee/projects/Jax-API/feed_engine/app/models/tl_text.rb": [
        1,
        1,
        1,
        null,
        1,
        7,
        null,
        null,
        7,
        null,
        null,
        null,
        1,
        276,
        null,
        null
      ],
      "/Users/Macaimee/projects/Jax-API/feed_engine/app/models/feed_item.rb": [
        1,
        null,
        1,
        1,
        1,
        null,
        null,
        null,
        1,
        null,
        1,
        412,
        0,
        412,
        412,
        null,
        0,
        null,
        null,
        null,
        1,
        0,
        null,
        null,
        1,
        0,
        0,
        0,
        0,
        null,
        0,
        null,
        null,
        null
      ],
      "/Users/Macaimee/projects/Jax-API/feed_engine/app/controllers/home_controller.rb": [
        1,
        null,
        1,
        12,
        null,
        null,
        null
      ],
      "/Users/Macaimee/projects/Jax-API/feed_engine/app/controllers/lastfm_auths_controller.rb": [
        1,
        null,
        1,
        0,
        0,
        0,
        0,
        0,
        0,
        0,
        0,
        null,
        null,
        null,
        0,
        null,
        0,
        null,
        null,
        null
      ],
      "/Users/Macaimee/projects/Jax-API/feed_engine/app/models/lastfm_auth.rb": [
        1,
        null,
        null
      ],
      "/Users/Macaimee/projects/Jax-API/feed_engine/app/controllers/sessions_controller.rb": [
        1,
        null,
        1,
        12,
        12,
        12,
        null,
        null,
        1,
        0,
        0,
        null,
        null
      ],
      "/Users/Macaimee/projects/Jax-API/feed_engine/app/controllers/soundcloud_auths_controller.rb": [
        1,
        null,
        1,
        0,
        null,
        0,
        null,
        0,
        0,
        null,
        0,
        null,
        0,
        0,
        0,
        null,
        0,
        null,
        null,
        null,
        1,
        0,
        0,
        null,
        null,
        1,
        null,
        1,
        0,
        null,
        null,
        null,
        null,
        null,
        null
      ],
      "/Users/Macaimee/projects/Jax-API/feed_engine/app/models/soundcloud_auth.rb": [
        1,
        null,
        null
      ],
      "/Users/Macaimee/projects/Jax-API/feed_engine/app/controllers/tl_images_controller.rb": [
        1,
        null,
        1,
        3,
        1,
        0,
        null,
        1,
        null,
        null,
        null
      ],
      "/Users/Macaimee/projects/Jax-API/feed_engine/app/models/tl_image.rb": [
        1,
        1,
        1,
        null,
        1,
        null,
        null,
        4,
        null,
        null,
        null,
        1,
        16,
        null,
        null
      ],
      "/Users/Macaimee/projects/Jax-API/feed_engine/app/controllers/tl_links_controller.rb": [
        1,
        null,
        1,
        4,
        4,
        4,
        3,
        2,
        null,
        2,
        null,
        null,
        null,
        null
      ],
      "/Users/Macaimee/projects/Jax-API/feed_engine/app/models/tl_link.rb": [
        1,
        1,
        1,
        1,
        1,
        1,
        null,
        null,
        1,
        null,
        null,
        9,
        null,
        null,
        null,
        1,
        532,
        null,
        null
      ],
      "/Users/Macaimee/projects/Jax-API/feed_engine/app/controllers/tl_texts_controller.rb": [
        1,
        null,
        1,
        4,
        4,
        4,
        3,
        2,
        null,
        2,
        null,
        null,
        null,
        null,
        null
      ],
      "/Users/Macaimee/projects/Jax-API/feed_engine/app/controllers/users_controller.rb": [
        1,
        null,
        1,
        25,
        25,
        25,
        25,
        25,
        null,
        null,
        null
      ],
      "/Users/Macaimee/projects/Jax-API/feed_engine/app/models/user.rb": [
        1,
        1,
        1,
        1,
        1,
        1,
        1,
        1,
        1,
        1,
        null,
        1,
        1,
        1,
        1,
        null,
        1,
        12,
        null,
        null,
        1,
        12,
        12,
        12,
        12,
        12,
        12,
        null,
        12,
        12,
        null,
        null,
        1,
        0,
        0,
        null,
        0,
        0,
        null,
        null,
        1,
        0,
        null,
        0,
        0,
        0,
        null,
        null,
        0,
        null,
        null,
        1,
        0,
        0,
        null,
        null,
        1,
        0,
        null,
        null,
        1,
        0,
        0,
        null,
        null,
        null,
        null,
        null,
        null,
        null
      ],
      "/Users/Macaimee/projects/Jax-API/feed_engine/app/jobs/lastfm_top_albums.rb": [
        1,
        null,
        1,
        1,
        null,
        1,
        0,
        0,
        0,
        null,
        null,
        1,
        0,
        null,
        null
      ],
      "/Users/Macaimee/projects/Jax-API/feed_engine/app/jobs/lastfm_top_artists.rb": [
        1,
        null,
        1,
        1,
        null,
        1,
        0,
        0,
        0,
        null,
        null,
        1,
        0,
        null,
        null,
        null
      ],
      "/Users/Macaimee/projects/Jax-API/feed_engine/app/jobs/lastfm_top_tracks.rb": [
        1,
        null,
        1,
        1,
        null,
        1,
        0,
        0,
        0,
        null,
        null,
        1,
        0,
        null,
        null
      ],
      "/Users/Macaimee/projects/Jax-API/feed_engine/app/jobs/soundcloud_favorites.rb": [
        1,
        null,
        1,
        1,
        null,
        1,
        0,
        0,
        0,
        null,
        null,
        1,
        0,
        null,
        null
      ],
      "/Users/Macaimee/projects/Jax-API/feed_engine/app/jobs/soundcloud_favorites_for_all_users.rb": [
        1,
        null,
        1,
        1,
        null,
        1,
        0,
        0,
        0,
        null,
        null,
        null,
        1,
        0,
        null,
        null
      ],
      "/Users/Macaimee/projects/Jax-API/feed_engine/app/jobs/tweet_for_all_users.rb": [
        1,
        null,
        1,
        1,
        null,
        1,
        0,
        0,
        0,
        null,
        null,
        null,
        1,
        0,
        null,
        null
      ],
      "/Users/Macaimee/projects/Jax-API/feed_engine/app/jobs/tweet_updates.rb": [
        1,
        null,
        1,
        1,
        null,
        1,
        0,
        0,
        0,
        0,
        null,
        null,
        1,
        0,
        null,
        null
      ],
      "/Users/Macaimee/projects/Jax-API/feed_engine/app/models/lastfm_hyped_artists.rb": [
        null,
        null,
        null,
        null,
        null,
        null,
        null,
        null,
        null,
        null,
        null,
        null,
        null,
        null,
        null,
        null,
        null,
        null,
        null,
        null
      ],
      "/Users/Macaimee/projects/Jax-API/feed_engine/app/models/lastfm_top_album.rb": [
        1,
        null,
        1,
        0,
        0,
        0,
        null,
        null,
        null,
        null,
        1,
        0,
        null,
        null,
        1,
        0,
        0,
        0,
        null,
        0,
        0,
        null,
        0,
        null,
        0,
        null,
        0,
        0,
        0,
        null,
        null,
        null,
        null,
        null,
        null,
        null,
        null,
        null,
        null,
        null
      ],
      "/Users/Macaimee/projects/Jax-API/feed_engine/app/models/lastfm_top_artist.rb": [
        1,
        null,
        1,
        0,
        0,
        0,
        null,
        null,
        null,
        null,
        1,
        0,
        null,
        null,
        1,
        0,
        0,
        0,
        null,
        0,
        0,
        null,
        0,
        null,
        0,
        null,
        0,
        0,
        0,
        null,
        null,
        null,
        null,
        null,
        null,
        null,
        null,
        null,
        null,
        null
      ],
      "/Users/Macaimee/projects/Jax-API/feed_engine/app/models/lastfm_top_track.rb": [
        1,
        null,
        1,
        0,
        0,
        0,
        null,
        null,
        null,
        null,
        1,
        0,
        null,
        null,
        1,
        0,
        null,
        0,
        0,
        0,
        null,
        0,
        null,
        0,
        0,
        null,
        0,
        0,
        0,
        null,
        null,
        null,
        null,
        null,
        null,
        null,
        null,
        null,
        null,
        0,
        null,
        null,
        null,
        null
      ],
      "/Users/Macaimee/projects/Jax-API/feed_engine/app/models/soundcloud_favorite.rb": [
        1,
        null,
        1,
        0,
        0,
        0,
        null,
        null,
        null,
        null,
        1,
        0,
        null,
        0,
        null,
        0,
        0,
        null,
        0,
        0,
        0,
        0,
        null,
        0,
        null,
        null,
        null,
        null,
        null,
        null,
        1,
        0,
        null,
        null,
        null
      ],
      "/Users/Macaimee/projects/Jax-API/feed_engine/app/models/tweet.rb": [
        1,
        null,
        1,
        0,
        0,
        null,
        null,
        null,
        1,
        0,
        null,
        null,
        null
      ],
      "/Users/Macaimee/projects/Jax-API/feed_engine/app/models/twitter_auth.rb": [
        1,
        1,
        0,
        0,
        null,
        null
      ],
      "/Users/Macaimee/projects/Jax-API/feed_engine/spec/factories.rb": [
        1,
        1,
        1,
        1,
        1,
        1,
        null,
        1,
        1,
        null,
        null,
        null
      ],
      "/Users/Macaimee/projects/Jax-API/feed_engine/config/routes.rb": [
        1,
        null,
        1,
        1,
        1,
        1,
        1,
        null,
        1,
        1,
        1,
        null,
        null,
        null,
        1,
        1,
        1,
        1,
        1,
        38,
        1,
        null,
        1,
        null
      ],
      "/Users/Macaimee/projects/Jax-API/feed_engine/spec/support/omniauth_macros.rb": [
        1,
        1,
        null,
        null,
        12,
        null,
        null,
        null,
        null,
        null,
        null,
        null,
        null,
        null,
        null,
        null,
        null,
        null,
        null
      ],
      "/Users/Macaimee/projects/Jax-API/feed_engine/spec/controllers/tl_links_controller_spec.rb": [
        1,
        null,
        1,
        null,
        1,
        null,
        1,
        2,
        2,
        2,
        2,
        2,
        null,
        null,
        1,
        2,
        null,
        null,
        1,
        2,
        null,
        null,
        null,
        null
      ],
      "/Users/Macaimee/projects/Jax-API/feed_engine/spec/controllers/tl_texts_controller_spec.rb": [
        1,
        null,
        1,
        null,
        1,
        1,
        2,
        2,
        2,
        2,
        2,
        null,
        null,
        1,
        2,
        null,
        null,
        1,
        2,
        null,
        null,
        null
      ],
      "/Users/Macaimee/projects/Jax-API/feed_engine/spec/features/authenticated_feed_user/post_image_to_feed_spec.rb": [
        1,
        null,
        1,
        null,
        1,
        1,
        3,
        3,
        3,
        3,
        null,
        null,
        1,
        1,
        null,
        null,
        1,
        1,
        null,
        null,
        1,
        1,
        1,
        1,
        null,
        null,
        null
      ],
      "/Users/Macaimee/projects/Jax-API/feed_engine/spec/features/authenticated_feed_user/post_lastfm_data_to_feed_spec.rb": [
        1,
        null,
        1,
        null,
        1,
        null,
        1,
        1,
        1,
        1,
        1,
        null,
        null,
        1,
        1,
        null,
        null,
        null
      ],
      "/Users/Macaimee/projects/Jax-API/feed_engine/spec/features/authenticated_feed_user/post_link_to_feed_spec.rb": [
        1,
        null,
        1,
        null,
        1,
        null,
        1,
        4,
        4,
        4,
        4,
        null,
        null,
        null,
        1,
        1,
        null,
        null,
        1,
        1,
        null,
        null,
        1,
        1,
        1,
        1,
        1,
        1,
        null,
        null,
        1,
        1,
        1,
        1,
        1,
        1,
        null,
        null,
        null
      ],
      "/Users/Macaimee/projects/Jax-API/feed_engine/spec/features/authenticated_feed_user/post_text_to_feed_spec.rb": [
        1,
        null,
        1,
        null,
        1,
        null,
        1,
        4,
        4,
        4,
        4,
        null,
        null,
        2,
        null,
        1,
        1,
        null,
        null,
        1,
        1,
        null,
        null,
        1,
        1,
        1,
        1,
        1,
        null,
        null,
        null,
        1,
        1,
        1,
        1,
        1,
        null,
        null,
        null
      ],
      "/Users/Macaimee/projects/Jax-API/feed_engine/spec/models/tl_image_spec.rb": [
        1,
        null,
        1,
        null,
        1,
        1,
        1,
        1,
        0,
        null,
        null,
        null,
        null,
        null,
        1,
        2,
        null,
        1,
        1,
        2,
        null,
        null,
        1,
        1,
        2,
        null,
        null,
        1,
        1,
        1,
        null,
        null,
        null,
        null
      ],
      "/Users/Macaimee/projects/Jax-API/feed_engine/spec/models/tl_link_spec.rb": [
        1,
        null,
        1,
        null,
        1,
        1,
        1,
        1,
        1,
        null,
        null,
        null,
        1,
        null,
        3,
        null,
        1,
        1,
        null,
        null,
        1,
        1,
        null,
        null,
        1,
        1,
        null,
        null,
        1,
        1,
        1,
        null,
        null,
        null,
        null
      ],
      "/Users/Macaimee/projects/Jax-API/feed_engine/spec/models/tl_text_spec.rb": [
        1,
        null,
        1,
        null,
        1,
        1,
        1,
        1,
        1,
        null,
        null,
        null,
        1,
        2,
        null,
        1,
        1,
        1,
        null,
        null,
        1,
        1,
        1,
        null,
        null,
        null,
        null
      ],
      "/Users/Macaimee/projects/Jax-API/feed_engine/spec/models/tweet_spec.rb": [
        1,
        null,
        1,
        null,
        2,
        1,
        null,
        null,
        1,
        1,
        1,
        null,
        null,
        null,
        null
      ],
      "/Users/Macaimee/projects/Jax-API/feed_engine/spec/models/user_spec.rb": [
        1,
        null,
        1,
        null,
        1,
        null,
        null,
        null,
        null
      ]
    },
    "timestamp": 1369275878
  }
}
